Welcome chCTF Sanity Check :D
What is 2+2: 4
What number between 0 and 100 am I thinking about right now? 0

Invalid answer Bye
Welcome chCTF Sanity Check :D
What is 2+2: 4
What number between 0 and 100 am I thinking about right now? 1

Invalid answer Bye
Welcome chCTF Sanity Check :D
What is 2+2: 4
What number between 0 and 100 am I thinking about right now? 2

Invalid answer Bye
Welcome chCTF Sanity Check :D
What is 2+2: 4
What number between 0 and 100 am I thinking about right now? 3

Invalid answer Bye
Welcome chCTF Sanity Check :D
What is 2+2: 4
What number between 0 and 100 am I thinking about right now? 4

Invalid answer Bye
Welcome chCTF Sanity Check :D
What is 2+2: 4
What number between 0 and 100 am I thinking about right now? 5

Invalid answer Bye
Welcome chCTF Sanity Check :D
What is 2+2: 4
What number between 0 and 100 am I thinking about right now? 6

Invalid answer Bye
Welcome chCTF Sanity Check :D
What is 2+2: 4
What number between 0 and 100 am I thinking about right now? 7

Invalid answer Bye
Welcome chCTF Sanity Check :D
What is 2+2: 4
What number between 0 and 100 am I thinking about right now? 8

Invalid answer Bye
Welcome chCTF Sanity Check :D
What is 2+2: 4
What number between 0 and 100 am I thinking about right now? 9

Invalid answer Bye
Welcome chCTF Sanity Check :D
What is 2+2: 4
What number between 0 and 100 am I thinking about right now? 10

Invalid answer Bye
Welcome chCTF Sanity Check :D
What is 2+2: 4
What number between 0 and 100 am I thinking about right now? 11

Invalid answer Bye
Welcome chCTF Sanity Check :D
What is 2+2: 4
What number between 0 and 100 am I thinking about right now? 12

Invalid answer Bye
Welcome chCTF Sanity Check :D
What is 2+2: 4
What number between 0 and 100 am I thinking about right now? 13

Invalid answer Bye
Welcome chCTF Sanity Check :D
What is 2+2: 4
What number between 0 and 100 am I thinking about right now? 14

Invalid answer Bye
Welcome chCTF Sanity Check :D
What is 2+2: 4
What number between 0 and 100 am I thinking about right now? 15

Invalid answer Bye
Welcome chCTF Sanity Check :D
What is 2+2: 4
What number between 0 and 100 am I thinking about right now? 16

Invalid answer Bye
Welcome chCTF Sanity Check :D
What is 2+2: 4
What number between 0 and 100 am I thinking about right now? 17

Invalid answer Bye
Welcome chCTF Sanity Check :D
What is 2+2: 4
What number between 0 and 100 am I thinking about right now? 18

Invalid answer Bye
Welcome chCTF Sanity Check :D
What is 2+2: 4
What number between 0 and 100 am I thinking about right now? 19

Invalid answer Bye
Welcome chCTF Sanity Check :D
What is 2+2: 4
What number between 0 and 100 am I thinking about right now? 20

Invalid answer Bye
Welcome chCTF Sanity Check :D
What is 2+2: 4
What number between 0 and 100 am I thinking about right now? 21

Invalid answer Bye
Welcome chCTF Sanity Check :D
What is 2+2: 4
What number between 0 and 100 am I thinking about right now? 22

Invalid answer Bye
Welcome chCTF Sanity Check :D
What is 2+2: 4
What number between 0 and 100 am I thinking about right now? 23

Invalid answer Bye
Welcome chCTF Sanity Check :D
What is 2+2: 4
What number between 0 and 100 am I thinking about right now? 24

Invalid answer Bye
Welcome chCTF Sanity Check :D
What is 2+2: 4
What number between 0 and 100 am I thinking about right now? 25

Invalid answer Bye
Welcome chCTF Sanity Check :D
What is 2+2: 4
What number between 0 and 100 am I thinking about right now? 26

Invalid answer Bye
Welcome chCTF Sanity Check :D
What is 2+2: 4
What number between 0 and 100 am I thinking about right now? 27

Invalid answer Bye
Welcome chCTF Sanity Check :D
What is 2+2: 4
What number between 0 and 100 am I thinking about right now? 28

Invalid answer Bye
Welcome chCTF Sanity Check :D
What is 2+2: 4
What number between 0 and 100 am I thinking about right now? 29

Invalid answer Bye
Welcome chCTF Sanity Check :D
What is 2+2: 4
What number between 0 and 100 am I thinking about right now? 30

Invalid answer Bye
Welcome chCTF Sanity Check :D
What is 2+2: 4
What number between 0 and 100 am I thinking about right now? 31

Invalid answer Bye
Welcome chCTF Sanity Check :D
What is 2+2: 4
What number between 0 and 100 am I thinking about right now? 32

Invalid answer Bye
Welcome chCTF Sanity Check :D
What is 2+2: 4
What number between 0 and 100 am I thinking about right now? 33

Invalid answer Bye
Welcome chCTF Sanity Check :D
What is 2+2: 4
What number between 0 and 100 am I thinking about right now? 34

Invalid answer Bye
Welcome chCTF Sanity Check :D
What is 2+2: 4
What number between 0 and 100 am I thinking about right now? 35

Invalid answer Bye
Welcome chCTF Sanity Check :D
What is 2+2: 4
What number between 0 and 100 am I thinking about right now? 36

Invalid answer Bye
Welcome chCTF Sanity Check :D
What is 2+2: 4
What number between 0 and 100 am I thinking about right now? 37

Invalid answer Bye
Welcome chCTF Sanity Check :D
What is 2+2: 4
What number between 0 and 100 am I thinking about right now? 38

Invalid answer Bye
Welcome chCTF Sanity Check :D
What is 2+2: 4
What number between 0 and 100 am I thinking about right now? 39

Invalid answer Bye
Welcome chCTF Sanity Check :D
What is 2+2: 4
What number between 0 and 100 am I thinking about right now? 40

Invalid answer Bye
Welcome chCTF Sanity Check :D
What is 2+2: 4
What number between 0 and 100 am I thinking about right now? 41

Invalid answer Bye
Welcome chCTF Sanity Check :D
What is 2+2: 4
What number between 0 and 100 am I thinking about right now? 42

Invalid answer Bye
Welcome chCTF Sanity Check :D
What is 2+2: 4
What number between 0 and 100 am I thinking about right now? 43

Invalid answer Bye
Welcome chCTF Sanity Check :D
What is 2+2: 4
What number between 0 and 100 am I thinking about right now? 44

Invalid answer Bye
Welcome chCTF Sanity Check :D
What is 2+2: 4
What number between 0 and 100 am I thinking about right now? 45

Invalid answer Bye
Welcome chCTF Sanity Check :D
What is 2+2: 4
What number between 0 and 100 am I thinking about right now? 46

Invalid answer Bye
Welcome chCTF Sanity Check :D
What is 2+2: 4
What number between 0 and 100 am I thinking about right now? 47

Invalid answer Bye
Welcome chCTF Sanity Check :D
What is 2+2: 4
What number between 0 and 100 am I thinking about right now? 48

Invalid answer Bye
Welcome chCTF Sanity Check :D
What is 2+2: 4
What number between 0 and 100 am I thinking about right now? 49

Invalid answer Bye
Welcome chCTF Sanity Check :D
What is 2+2: 4
What number between 0 and 100 am I thinking about right now? 50

Invalid answer Bye
Welcome chCTF Sanity Check :D
What is 2+2: 4
What number between 0 and 100 am I thinking about right now? 51

Invalid answer Bye
Welcome chCTF Sanity Check :D
What is 2+2: 4
What number between 0 and 100 am I thinking about right now? 52

Invalid answer Bye
Welcome chCTF Sanity Check :D
What is 2+2: 4
What number between 0 and 100 am I thinking about right now? 53

Invalid answer Bye
Welcome chCTF Sanity Check :D
What is 2+2: 4
What number between 0 and 100 am I thinking about right now? 54

Invalid answer Bye
Welcome chCTF Sanity Check :D
What is 2+2: 4
What number between 0 and 100 am I thinking about right now? 55

Invalid answer Bye
Welcome chCTF Sanity Check :D
What is 2+2: 4
What number between 0 and 100 am I thinking about right now? 56

Invalid answer Bye
Welcome chCTF Sanity Check :D
What is 2+2: 4
What number between 0 and 100 am I thinking about right now? 57

Invalid answer Bye
Welcome chCTF Sanity Check :D
What is 2+2: 4
What number between 0 and 100 am I thinking about right now? 58

Invalid answer Bye
Welcome chCTF Sanity Check :D
What is 2+2: 4
What number between 0 and 100 am I thinking about right now? 59

Invalid answer Bye
Welcome chCTF Sanity Check :D
What is 2+2: 4
What number between 0 and 100 am I thinking about right now? 60

Invalid answer Bye
Welcome chCTF Sanity Check :D
What is 2+2: 4
What number between 0 and 100 am I thinking about right now? 61

Invalid answer Bye
Welcome chCTF Sanity Check :D
What is 2+2: 4
What number between 0 and 100 am I thinking about right now? 62

Invalid answer Bye
Welcome chCTF Sanity Check :D
What is 2+2: 4
What number between 0 and 100 am I thinking about right now? 63

Invalid answer Bye
Welcome chCTF Sanity Check :D
What is 2+2: 4
What number between 0 and 100 am I thinking about right now? 64

Invalid answer Bye
Welcome chCTF Sanity Check :D
What is 2+2: 4
What number between 0 and 100 am I thinking about right now? 65

Invalid answer Bye
Welcome chCTF Sanity Check :D
What is 2+2: 4
What number between 0 and 100 am I thinking about right now? 66

Invalid answer Bye
Welcome chCTF Sanity Check :D
What is 2+2: 4
What number between 0 and 100 am I thinking about right now? 67

Invalid answer Bye
Welcome chCTF Sanity Check :D
What is 2+2: 4
What number between 0 and 100 am I thinking about right now? 68

Invalid answer Bye
Welcome chCTF Sanity Check :D
What is 2+2: 4
What number between 0 and 100 am I thinking about right now? 69

Invalid answer Bye
Welcome chCTF Sanity Check :D
What is 2+2: 4
What number between 0 and 100 am I thinking about right now? 70

Invalid answer Bye
Welcome chCTF Sanity Check :D
What is 2+2: 4
What number between 0 and 100 am I thinking about right now? 71

Invalid answer Bye
Welcome chCTF Sanity Check :D
What is 2+2: 4
What number between 0 and 100 am I thinking about right now? 72

Invalid answer Bye
Welcome chCTF Sanity Check :D
What is 2+2: 4
What number between 0 and 100 am I thinking about right now? 73

Invalid answer Bye
Welcome chCTF Sanity Check :D
What is 2+2: 4
What number between 0 and 100 am I thinking about right now? 74

Invalid answer Bye
Welcome chCTF Sanity Check :D
What is 2+2: 4
What number between 0 and 100 am I thinking about right now? 75

Invalid answer Bye
Welcome chCTF Sanity Check :D
What is 2+2: 4
What number between 0 and 100 am I thinking about right now? 76

Invalid answer Bye
Welcome chCTF Sanity Check :D
What is 2+2: 4
What number between 0 and 100 am I thinking about right now? 77

Invalid answer Bye
Welcome chCTF Sanity Check :D
What is 2+2: 4
What number between 0 and 100 am I thinking about right now? 78

Invalid answer Bye
Welcome chCTF Sanity Check :D
What is 2+2: 4
What number between 0 and 100 am I thinking about right now? 79

Invalid answer Bye
Welcome chCTF Sanity Check :D
What is 2+2: 4
What number between 0 and 100 am I thinking about right now? 80

Invalid answer Bye
Welcome chCTF Sanity Check :D
What is 2+2: 4
What number between 0 and 100 am I thinking about right now? 81

xD xD The answer to the next one is in front of your eyes xD xD