bplist00
"#$&'()*(+,-./0>A=BDHJ_
BuildMachineOSBuild_
CFBundleDevelopmentRegion_
CFBundleExecutable_
CFBundleIdentifier_
CFBundleInfoDictionaryVersion\CFBundleName_
CFBundlePackageType_
CFBundleShortVersionString_
CFBundleSupportedPlatforms_
CFBundleVersionZDTCompiler_
DTPlatformBuild^DTPlatformName_
DTPlatformVersionZDTSDKBuildYDTSDKNameWDTXcode\DTXcodeBuild_
LSRequiresIPhoneOS_
MinimumOSVersion_
UIApplicationSceneManifest^UIDeviceFamily_
UILaunchStoryboardName_
UIMainStoryboardFile_
UIRequiredDeviceCapabilities_
 UISupportedInterfaceOrientations_
%UISupportedInterfaceOrientations~ipadTflagU19B88RenWmobile1_
edu.auburn.ctf.mobile1S6.0TAPPLS1.0
%XiPhoneOSQ1_
"com.apple.compilers.llvm.clang.1_0V17B102XiphoneosT13.2\iphoneos13.2T1120V11B500	T13.4
1234_
#UIApplicationSupportsMultipleScenes_
UISceneConfigurations
#UIWindowSceneSessionRoleApplication
89:;<=_
UISceneConfigurationName_
UISceneDelegateClassName_
UISceneStoryboardFile_
Default Configuration_
mobile1.SceneDelegateTMain
\LaunchScreen
CUarm64
EFG_
UIInterfaceOrientationPortrait_
#UIInterfaceOrientationLandscapeLeft_
$UIInterfaceOrientationLandscapeRight
EIFG_
(UIInterfaceOrientationPortraitUpsideDown_
#auctf{i0s_r3v3rs1ng_1s_1nt3r3st1ng}
