clam{clam_clam_clam_clam_clam}
malc{malc_malc_malc_malc_malc}
clam{clam_clam_clam_clam_clam}
malc{malc_malc_malc_malc_malc}
clam{clam_clam_clam_clam_clam}
malc{malc_malc_malc_malc_malc}
clam{clam_clam_clam_clam_clam}
malc{malc_malc_malc_malc_malc}
clam{clam_clam_clam_clam_clam}
malc{malc_malc_malc_malc_malc}
clam{clam_clam_clam_clam_clam}
malc{malc_malc_malc_malc_malc}
clam{clam_clam_clam_clam_clam}
malc{malc_malc_malc_malc_malc}
clam{clam_clam_clam_clam_clam}
malc{malc_malc_malc_malc_malc}
clam{clam_clam_clam_clam_clam}
malc{malc_malc_malc_malc_malc}
clam{clam_clam_clam_clam_clam}
malc{malc_malc_malc_malc_malc}
clam{clam_clam_clam_clam_clam}
malc{malc_malc_malc_malc_malc}
clam{clam_clam_clam_clam_clam}
malc{malc_malc_malc_malc_malc}
clam{clam_clam_clam_clam_clam}
malc{malc_malc_malc_malc_malc}
clam{clam_clam_clam_clam_clam}
malc{malc_malc_malc_malc_malc}
clam{clam_clam_clam_clam_clam}
malc{malc_malc_malc_malc_malc}
clam{clam_clam_clam_clam_clam}
malc{malc_malc_malc_malc_malc}
clam{clam_clam_clam_clam_clam}
malc{malc_malc_malc_malc_malc}
clam{clam_clam_clam_clam_clam}
malc{malc_malc_malc_malc_malc}
clam{clam_clam_clam_clam_clam}
malc{malc_malc_malc_malc_malc}
clam{clam_clam_clam_clam_clam}
malc{malc_malc_malc_malc_malc}
clam{clam_clam_clam_clam_clam}
malc{malc_malc_malc_malc_malc}
clam{clam_clam_clam_clam_clam}
malc{malc_malc_malc_malc_malc}
clam{clam_clam_clam_clam_clam}
malc{malc_malc_malc_malc_malc}
clam{clam_clam_clam_clam_clam}
malc{malc_malc_malc_malc_malc}
clam{clam_clam_clam_clam_clam}
malc{malc_malc_malc_malc_malc}
clam{clam_clam_clam_clam_clam}
malc{malc_malc_malc_malc_malc}
clam{clam_clam_clam_clam_clam}
malc{malc_malc_malc_malc_malc}
clam{clam_clam_clam_clam_clam}
malc{malc_malc_malc_malc_malc}
clam{clam_clam_clam_clam_clam}
malc{malc_malc_malc_malc_malc}
clam{clam_clam_clam_clam_clam}
malc{malc_malc_malc_malc_malc}
clam{clam_clam_clam_clam_clam}
malc{malc_malc_malc_malc_malc}
clam{clam_clam_clam_clam_clam}
malc{malc_malc_malc_malc_malc}
clam{clam_clam_clam_clam_clam}
malc{malc_malc_malc_malc_malc}
clam{clam_clam_clam_clam_clam}
malc{malc_malc_malc_malc_malc}
clam{clam_clam_clam_clam_clam}
malc{malc_malc_malc_malc_malc}
type "clamclam" for salvation

clamclam
clam{clam_clam_clam_clam_clam}
actf{cl4m_is_my_f4v0rite_ctfer_in_th3_w0rld}