secret_1
Ljava/lang/String;
secret_2
secret_3
key_2
key_3
<init>
Code
LineNumberTable
main
([Ljava/lang/String;)V
StackMapTable
crackme
crack_1
(Ljava/util/Scanner;)Z
crack_2
crack_3
encrypt
(Ljava/lang/String;I)[I
decrypt
([II)Ljava/lang/String;
print_flag
hash
8(Ljava/lang/String;Ljava/lang/String;)Ljava/lang/String;
<clinit>
SourceFile
mr_game_and_watch.java
-Welcome to the Land of Interpreted Languages!
vIf you are used to doing compiled languages this might be a shock... but if you hate assembly this is the place to be!
Unfortunately, if you hate Java, this may suck...
Good luck!
java/util/Scanner
That's correct!
Nope that's not right!
iLet's try some hash cracking!! I'll go easy on you the first time. The first hash we are checking is this
BootstrapMethods
FThink you can crack it? If so give me the value that hashes to that!
"Nice work! One down, two to go ...
sThis next one you don't get to see, if you aren't already digging into the class file you may wanna try that out!
SHA1
#Nice work! Here's the last one...
SHA-256
flag.txt
java/io/BufferedReader
java/io/FileReader
java/lang/Throwable
java/io/IOException
'Could not find file please notify admin
UTF-8
java/lang/StringBuilder
%02x
java/lang/Object
java/lang/Exception
broke
 d5c67e2fc5f5f155dff8da4bdc914f41
mr_game_and_watch
java/lang/String
java/security/MessageDigest
java/lang/System
Ljava/io/PrintStream;
java/io/PrintStream
println
(Ljava/lang/String;)V
Ljava/io/InputStream;
(Ljava/io/InputStream;)V
close
makeConcatWithConstants
&(Ljava/lang/String;)Ljava/lang/String;
print
nextLine
()Ljava/lang/String;
	compareTo
(Ljava/lang/String;)I
java/util/Arrays
equals
([I[I)Z
length
charAt
(I)C
'(Ljava/lang/String;C)Ljava/lang/String;
(Ljava/io/Reader;)V
readLine
addSuppressed
(Ljava/lang/Throwable;)V
getInstance
1(Ljava/lang/String;)Ljava/security/MessageDigest;
getBytes
(Ljava/lang/String;)[B
digest
([B)[B
(I)V
java/lang/Integer
valueOf
(I)Ljava/lang/Integer;
format
9(Ljava/lang/String;[Ljava/lang/Object;)Ljava/lang/String;
append
-(Ljava/lang/String;)Ljava/lang/StringBuilder;
toString
$java/lang/invoke/StringConcatFactory
Lookup
InnerClasses
(Ljava/lang/invoke/MethodHandles$Lookup;Ljava/lang/String;Ljava/lang/invoke/MethodType;Ljava/lang/String;[Ljava/lang/Object;)Ljava/lang/invoke/CallSite;
%java/lang/invoke/MethodHandles$Lookup
java/lang/invoke/MethodHandles
	N,-
7N-*
