Solve 50 of these epic problems in a row to prove you are a master crypto man like Aplet123!
You'll be given a number n and also a plaintext p.
Caesar shift `p` with the nth Fibonacci number.
n < 50, p is completely uppercase and alphabetic, len(p) < 50
You have 60 seconds!
--------------------
Shift MCAYTCMIN by n=43
Cipher text: LBZXSBLHM
: Shift  by n=18
Cipher text: 
: Shift KVPGIEZVLVCUOIVTPNDXULAPWHJVUP by n=26
Cipher text: JUOFHDYUKUBTNHUSOMCWTKZOVGIUTO
: Shift UMAMYBNLFBXFPTXPIEOZUPQBYEKTMYXDTTPFGONLHMW by n=47
Cipher text: PHVHTWIGAWSAKOSKDZJUPKLWTZFOHTSYOOKABJIGCHR
: Shift APGKHWXELTJNSGXIMEEMCHKG by n=21
Cipher text: APGKHWXELTJNSGXIMEEMCHKG
Solve 50 of these epic problems in a row to prove you are a master crypto man like Aplet123!
You'll be given a number n and also a plaintext p.
Caesar shift `p` with the nth Fibonacci number.
n < 50, p is completely uppercase and alphabetic, len(p) < 50
You have 60 seconds!
--------------------
Shift M by n=33
Cipher text: E
: Shift NZHKXJWQVWKCUZHLIKUJRNAYXMASARHPIMJWZGBXNKNMFAG by n=22
Cipher text: SEMPCOBVABPHZEMQNPZOWSFDCRFXFWMUNROBELGCSPSRKFL
: Shift NUXIAPLSDKLQCKNTULUHJMIDHKGFRDEFEHOKLZAHOXUUSG by n=1
Cipher text: OVYJBQMTELMRDLOUVMVIKNJEILHGSEFGFIPLMABIPYVVTH
: Shift REIITBZDWATHFXCAWBMSRPQXCJTOSCHCMEOTNKZB by n=5
Cipher text: WJNNYGEIBFYMKCHFBGRXWUVCHOYTXHMHRJTYSPEG
: Shift WMQASQIAYOK by n=37
Cipher text: RHLVNLDVTJF
: Shift B by n=25
Cipher text: Q
: Shift VAK by n=4
Cipher text: YDN
: Shift LSRURTYRPOULEDTFPPIUCIFFABRJPLBJCTVRTKXNT by n=38
Cipher text: OVUXUWBUSRXOHGWISSLXFLIIDEUMSOEMFWYUWNAQW
: Shift TKJDLCAQPQUVWXAPLVJQIQZWWSLGDGFTDTCWDIWBJPAOJINP by n=3
Cipher text: VMLFNECSRSWXYZCRNXLSKSBYYUNIFIHVFVEYFKYDLRCQLKPR
: Shift TGMUHOXHNXCFPSTBJVMFNEVGNLRRMWUTQTKGHUKETWFCC by n=44
Cipher text: SFLTGNWGMWBEORSAIULEMDUFMKQQLVTSPSJFGTJDSVEBB
: Shift FTQGZUQPODSTGBGDCZEKSJJXBMKPUYUS by n=21
Cipher text: FTQGZUQPODSTGBGDCZEKSJJXBMKPUYUS
: Shift IJSLBDMTELSTBTRGUFCTZFLTJNPVVESNRDVJGD by n=13
Cipher text: HIRKACLSDKRSASQFTEBSYEKSIMOUUDRMQCUIFC
: Shift YUBGUEGOXFCZHDWYMTXMJNPCYHJH by n=0
Cipher text: YUBGUEGOXFCZHDWYMTXMJNPCYHJH
: Shift RYPXTIUCNXDFKUTNKIMZKRLPUEURUDPJY by n=0
Cipher text: RYPXTIUCNXDFKUTNKIMZKRLPUEURUDPJY
: Shift UMGKAZF by n=10
Cipher text: XPJNDCI
: Shift FVMEGZZRAQJWRPLSDRCBDHWBKPUOBLZAOXRYDPMZC by n=15
Cipher text: RHYQSLLDMCVIDBXEPDONPTINWBGANXLMAJDKPBYLO
: Shift BKAHKLYLPXLTFDOZLSQIDQLHEYKEZHFGVDKBIPRM by n=31
Cipher text: QZPWZANAEMAIUSDOAHFXSFAWTNZTOWUVKSZQXEGB
: Shift QDT by n=36
Cipher text: YLB
: Shift EGEPCDWGIOEHJCQSVCFD by n=45
Cipher text: CECNABUEGMCFHAOQTADB
: Shift XDFMZNCCVQLEMGAMJNDBVLVVQOYXSD by n=44
Cipher text: WCELYMBBUPKDLFZLIMCAUKUUPNXWRC
: Shift RSRMONCWREZPNJAVSLRMZRPDWZA by n=25
Cipher text: GHGBDCRLGTOECYPKHAGBOGESLOP
: Shift KYPN by n=16
Cipher text: JXOM
: Shift NTVJHZLEIRHYDJUYLPISUKSSQMZUJDUNYTQEIZSNQYZH by n=2
Cipher text: OUWKIAMFJSIZEKVZMQJTVLTTRNAVKEVOZURFJATORZAI
: Shift CAULABSTFBLNBLQWINMIWONSPEOOLEXSVATVSFGGJTHSSK by n=17
Cipher text: NLFWLMDEQMWYMWBHTYXTHZYDAPZZWPIDGLEGDQRRUESDDV
: Shift VCRJEFEZNEGAWAJHYCOXKJWPKL by n=16
Cipher text: UBQIDEDYMDFZVZIGXBNWJIVOJK
: Shift NZCRSLDSKBKZGIOCEZUIAGRWWDPL by n=48
Cipher text: FRUJKDVKCTCRYAGUWRMASYJOOVHD
: Shift UIDQODIBBZSZIMUQQLTSPZEFAUCLTXEAVERNZGYZXHCZRI by n=9
Cipher text: CQLYWLQJJHAHQUCYYTBAXHMNICKTBFMIDMZVHOGHFPKHZQ
: Shift GYYNXIDCFKHFXYKUWUVTILRALMLSYGH by n=16
Cipher text: FXXMWHCBEJGEWXJTVTUSHKQZKLKRXFG
: Shift NBHQMFPTRPIZWBJJREFERNMAOFIWIKCHBSCHNKREZW by n=14
Cipher text: AOUDZSCGECVMJOWWERSREAZNBSVJVXPUOFPUAXERMJ
: Shift VRXXLGMCMBBJBLKEFHRPWRPTBUXPBKGMVUBHMPIVWTWQSPI by n=42
Cipher text: VRXXLGMCMBBJBLKEFHRPWRPTBUXPBKGMVUBHMPIVWTWQSPI
: Shift ROBFAXMNMBZRRLFGFUHRQJVNNMPIAADDWRASXGWNMVDSD by n=23
Cipher text: WTGKFCRSRGEWWQKLKZMWVOASSRUNFFIIBWFXCLBSRAIXI
: Shift SSLQBMWMZNCRQQDWJKOPJIEWVRRQBZXCKIO by n=20
Cipher text: XXQVGRBRESHWVVIBOPTUONJBAWWVGECHPNT
: Shift RGWFFHRWFNNDEHMYITCYHTJJDMKECJMU by n=22
Cipher text: WLBKKMWBKSSIJMRDNYHDMYOOIRPJHORZ
: Shift HVMVERSBYXSR by n=39
Cipher text: FTKTCPQZWVQP
: Shift IZAOCGQFLADNQQPQUZJNMMWFXOCSLXNRCTE by n=18
Cipher text: SJKYMQAPVKNXAAZAEJTXWWGPHYMCVHXBMDO
: Shift MTWIDTUQSMLVKVHNVSYBVMNGQZOXFNIYVRHRUDPPYTVX by n=48
Cipher text: ELOAVLMIKEDNCNZFNKQTNEFYIRGPXFAQNJZJMVHHQLNP
: Shift KWY by n=47
Cipher text: FRT
: Shift ZQMQULCQKNZFETYCXJNXPDEQKBJFSLFQADSADJGRFRJZE by n=39
Cipher text: XOKOSJAOILXDCRWAVHLVNBCOIZHDQJDOYBQYBHEPDPHXC
: Shift XYQIDWXOLCOMSKLLDFBWMXNEHQPOPI by n=32
Cipher text: ABTLGZAROFRPVNOOGIEZPAQHKTSRSL
: Shift PVLSSPILKRZSNXSWVCWPJOAUAVRXGBJYEQSGQQBFCKDUUEI by n=41
Cipher text: OUKRROHKJQYRMWRVUBVOINZTZUQWFAIXDPRFPPAEBJCTTDH
: Shift XNWQZMRTKZOS by n=12
Cipher text: LBKENAFHYNCG
: Shift HJBAWOVRHNTDVUPGQXV by n=43
Cipher text: GIAZVNUQGMSCUTOFPWU
: Shift SJFMZGTHTVKBGAWALICHGEZAKNBVGHYKKTGFVOSTAUK by n=38
Cipher text: VMIPCJWKWYNEJDZDOLFKJHCDNQEYJKBNNWJIYRVWDXN
: Shift IBXAJYE by n=28
Cipher text: VOKNWLR
: Shift ZTOCYWTCUPHRRASCMYIASPOYFE by n=22
Cipher text: EYTHDBYHZUMWWFXHRDNFXUTDKJ
: Shift QJSNLSBBNTSNIRKUFLHYGEZCNPCJF by n=35
Cipher text: DWFAYFOOAGFAVEXHSYULTRMPACPWS
: Shift GYAXHTYLBSFQVM by n=39
Cipher text: EWYVFRWJZQDOTK
: Shift  by n=14
Cipher text: 
: Shift O by n=22
Cipher text: T
: Shift AOUSYZKSZCEEMGVOSGGBEIJDG by n=4
Cipher text: DRXVBCNVCFHHPJYRVJJEHLMGJ
: actf{h0p3_y0u_us3d_th3_f0rmu14-1985098}
Yaaaay got the flag!!!!
