/lib64/ld-linux-x86-64.so.2
mgUa
libc.so.6
exit
fopen
puts
__stack_chk_fail
stdin
printf
fgets
strlen
stdout
malloc
__cxa_finalize
setvbuf
strcmp
__libc_start_main
GLIBC_2.4
GLIBC_2.2.5
_ITM_deregisterTMCloneTable
__gmon_start__
_ITM_registerTMCloneTable
u+UH
dH34%(
[]A\A]A^A_
That's not it!
Give me a key!
You have passed the first test! Now I need another key!
Nice work! You've passes the second test, we aren't done yet!
Congrats you finished! Here is your flag!
starwars
startrek
si siht egassem terces
flag.txt
Too bad you can only run this exploit on the server...
:*3$"
GCC: (Ubuntu 9.2.1-9ubuntu2) 9.2.1 20191008
crtstuff.c
deregister_tm_clones
__do_global_dtors_aux
completed.8055
__do_global_dtors_aux_fini_array_entry
frame_dummy
__frame_dummy_init_array_entry
crackme.c
__FRAME_END__
__init_array_end
_DYNAMIC
__init_array_start
__GNU_EH_FRAME_HDR
_GLOBAL_OFFSET_TABLE_
__libc_csu_fini
_ITM_deregisterTMCloneTable
stdout@@GLIBC_2.2.5
puts@@GLIBC_2.2.5
stdin@@GLIBC_2.2.5
remove_newline
_edata
check_2
strlen@@GLIBC_2.2.5
__stack_chk_fail@@GLIBC_2.4
printf@@GLIBC_2.2.5
__libc_start_main@@GLIBC_2.2.5
fgets@@GLIBC_2.2.5
__data_start
strcmp@@GLIBC_2.2.5
__gmon_start__
__dso_handle
_IO_stdin_used
__libc_csu_init
malloc@@GLIBC_2.2.5
check_1
__bss_start
main
setvbuf@@GLIBC_2.2.5
fopen@@GLIBC_2.2.5
check
print_flag
check_3
exit@@GLIBC_2.2.5
__TMC_END__
_ITM_registerTMCloneTable
__cxa_finalize@@GLIBC_2.2.5
.symtab
.strtab
.shstrtab
.interp
.note.gnu.property
.note.gnu.build-id
.note.ABI-tag
.gnu.hash
.dynsym
.dynstr
.gnu.version
.gnu.version_r
.rela.dyn
.rela.plt
.init
.plt.got
.plt.sec
.text
.fini
.rodata
.eh_frame_hdr
.eh_frame
.init_array
.fini_array
.dynamic
.data
.bss
.comment
