a"',a"*c"' ;6`=!`|
"',-`=!`x
=:*' 
;=+*
=:<->7
+6':
=><' :(
(!>+ 
>+<<!<
>;:=
>;:-&/<
=:*' 
/==+<:
(/'"
=:<:!%
()+:=
=:<"+ 
=:*!;:
#/""!-
=:<-/:
=7=:+#
(' /"'4+
=+:8,;(
=:<-#>
"',-
=:/<:
#/' 
(<++
*+<+)'=:+<
"! +
/,"+
)#! 
=:/<:
<+)'=:+<
"! +
/,"+
_''C
=Q'G
^''C
)(((
rD;@
3FL:U
&'=n('"+n'=n>/==9!<*n><!:+-:+*n```nD
!;n9'""n&/8+n:!n+ :+<n:&+n>/==9!<*n:!n)/' n/--+==
/==9!<*tn
&/:n('"+n*!+= i:n+6'=:n-&'+(
("/)`:6:
/==9!<*n
 -!<<+-:o
&+">tn
<' :n&+">n#+ ;
<+/*nr('"+ /#+ptn<+/*n('"+ /#+
"=tn"'=:n-;<<+ :n*'<+-:!<7
?;':tn
6':n
+<#' /"
&+">
?;':
<+/*
tn-&/""+ )+=`/;-:(`-!#bn
tn}~~zw
,;-%7t"! )' )bn<;=:+*bn=+8+ :++ bn*/7,<+/%bn(;< /-+bn ' +bn,+ ') bn&!#+-!#' )bn! +bn(<+')&:n-/<
"+/=+n
!)' tn
;=+< /#+tn
>/==9!<*tn
k=tk=
<<!<tn
 -!<<+-:n"!)' n-<+*+ :'/"=
+"-!#+nk=DD
 /,"+n:!n#/""!-n,;((+<
qn(!<n#+ ;
!##/ *n"' +n&/=n:!!n#/ 7n9!<*=
-!##/ *"' +`-
-#*:/,"+
`(; -nosnN
k=tn
!##/ *n !:n(!; *D
;':' )n
+<#' /"```n
+<#' /"n&+">n#+ ;
-/""tnk=nD
=/)+tn<+/*nr('"+ /#+p
*'=>/:-&
OUMu
O2FOUBJJ
OIF^
O2FOUBJJ
AE:J6
qTud|jl^
JM-O
	^KL;
AM;6H^ML;2M
BJJV
BJJn
@n'@j
@n	@Z
+,'/ nw`}`~c}gnw`}`~
-<:=:;((`-
*+<+)'=:+<
-"! +=
)"!,/"
*:!<=
-!#>"+:+*`y~
)"!,/"
*:!<=
(' '
/<</7
+ :<7
(</#+
*;##7
(</#+
*;##7
' ':
/<</7
+ :<7
+ -`-
-!##/ *"' +`-
-#*:/,"+
`}~{}
' ':
/<</7
' ':
/<</7
=:/<:
"',-
(' '
&+">#+ ;
=:<-#>
*+<+)'=:+<
"! +
/,"+
6vx`)+:
:&; %`,6
 +:9!<%
' (!
6vx`)+:
:&; %`,>
(<++
<+#!8+
 +9"' +
-<+*=
()+:=
+*/:/
' >;:
-!##/ *"' +
+ -<7>:
=++*
6vx`)+:
:&; %`*6
(' /"'4+
>+<<!<
?;':
=:<-/:
=:<->7
#/""!-
*/:/
=:/<:
>;:=
=7=:+#
)#! 
=:/<:
+6':
&/ *"+
=:*' 
;=+*
=:<"+ 
=+-<+:
"',-
=:/<:
#/' 
"',-
' ':
=:*' 
><' :
('"+
=+:8,;(
(!>+ 
>;:-&/<
<+/*
=:*!;:
=:/<:
#/' 
6vx`)+:
:&; %`/6
=:<:!%
*'=>/:-&
=><' :(
"'=:
<+)'=:+<
"! +
/,"+
/==+<:
(/'"
`=7#:/,
`=:<:/,
`=&=:<:/,
`' :+<>
` !:+`) ;`,;'"*c'*
` !:+`
c:/)
`) ;`&/=&
`*7 =7#
`*7 =:<
`) ;`8+<='! 
`) ;`8+<='! 
`<+"`*7 
`<+"`>":
`' ':
`>":`)!:
`:+6:
`(' '
`<!*/:/
(</#+
(</#+
`' ':
/<</7
`(' '
/<</7
`*/:/`<+"`<!
`*7 /#'-
`)!:`>":
`*/:/
`,==
`-!##+ :
